<?xml version="1.0" encoding="UTF-8"?>
<testsuite xmlns:xsi="http://www.w3.org/2001/XMLSchema-instance" xsi:noNamespaceSchemaLocation="https://maven.apache.org/surefire/maven-surefire-plugin/xsd/surefire-test-report-3.0.xsd" version="3.0" name="com.banyings.fundamentals.VehicleTest" time="0.031" tests="8" errors="0" skipped="0" failures="0">
  <properties>
[...]
</properties>
  <testcase name="testToString" classname="com.banyings.fundamentals.VehicleTest" time="0.006"/>
  <testcase name="testDriveInterface" classname="com.banyings.fundamentals.VehicleTest" time="0.013">
    <system-out><![CDATA[Driving the Toyota Prius
Toyota Prius has stopped.
Beep beep!
]]></system-out>
  </testcase>
  <testcase name="testFuelAddition" classname="com.banyings.fundamentals.VehicleTest" time="0.001"/>
  <testcase name="testVehicleCreation" classname="com.banyings.fundamentals.VehicleTest" time="0.001"/>
  <testcase name="testPolymorphism" classname="com.banyings.fundamentals.VehicleTest" time="0.001"/>
  <testcase name="testEqualsAndHashCode" classname="com.banyings.fundamentals.VehicleTest" time="0.001"/>
  <testcase name="testMotorcycleEfficiency" classname="com.banyings.fundamentals.VehicleTest" time="0.001"/>
  <testcase name="testElectricCarEfficiency" classname="com.banyings.fundamentals.VehicleTest" time="0.001"/>
</testsuite>